<?xml version="1.0" encoding="UTF-8"?>
<!-- Generated by org.testng.reporters.JUnitReportReporter -->
<testsuite hostname="DESKTOP-GN8H4QN" failures="0" tests="1" name="com.nopcommerce_V5.testcases.TC1_LoginTest" time="13.290" errors="0" timestamp="2022-04-27T20:56:07 IST" skipped="0">
  <testcase classname="com.nopcommerce_V5.testcases.TC1_LoginTest" name="loginTest1" time="13.290"/>
  <system-out/>
</testsuite> <!-- com.nopcommerce_V5.testcases.TC1_LoginTest -->
